<?xml version="1.0" encoding="UTF-8"?>
<!-- Generated by org.testng.reporters.JUnitReportReporter -->
<testsuite hostname="DESKTOP-OO2JSP3" failures="0" tests="7" name="ApiTesting.DemoApi.Product" time="3.165" errors="0" timestamp="2022-12-07T12:14:21 IST" skipped="0">
  <testcase classname="ApiTesting.DemoApi.Product" name="getUser" time="0.991"/>
  <system-out/>
  <testcase classname="ApiTesting.DemoApi.Product" name="getSingleUser" time="0.483"/>
  <system-out/>
  <testcase classname="ApiTesting.DemoApi.Product" name="UserList" time="0.109"/>
  <system-out/>
  <testcase classname="ApiTesting.DemoApi.Product" name="singleUser" time="0.132"/>
  <system-out/>
  <testcase classname="ApiTesting.DemoApi.Product" name="creatUser" time="0.501"/>
  <system-out/>
  <testcase classname="ApiTesting.DemoApi.Product" name="updateUser" time="0.453"/>
  <system-out/>
  <testcase classname="ApiTesting.DemoApi.Product" name="deleteuser" time="0.496"/>
  <system-out/>
</testsuite> <!-- ApiTesting.DemoApi.Product -->
