<?xml version="1.0" encoding="UTF-8"?>
<!-- Generated by org.testng.reporters.JUnitReportReporter -->
<testsuite hostname="DESKTOP-OO2JSP3" failures="0" tests="7" name="ApiTesting.DemoApi.Product" time="3.323" errors="0" timestamp="2022-12-07T12:17:01 IST" skipped="0">
  <testcase classname="ApiTesting.DemoApi.Product" name="getUser" time="0.895"/>
  <system-out/>
  <testcase classname="ApiTesting.DemoApi.Product" name="getSingleUser" time="0.385"/>
  <system-out/>
  <testcase classname="ApiTesting.DemoApi.Product" name="UserList" time="0.441"/>
  <system-out/>
  <testcase classname="ApiTesting.DemoApi.Product" name="singleUser" time="0.129"/>
  <system-out/>
  <testcase classname="ApiTesting.DemoApi.Product" name="creatUser" time="0.512"/>
  <system-out/>
  <testcase classname="ApiTesting.DemoApi.Product" name="updateUser" time="0.467"/>
  <system-out/>
  <testcase classname="ApiTesting.DemoApi.Product" name="deleteuser" time="0.494"/>
  <system-out/>
</testsuite> <!-- ApiTesting.DemoApi.Product -->
